[debug] [2025-07-19T09:39:11.386Z] ----------------------------------------------------------------------
[debug] [2025-07-19T09:39:11.389Z] Command:       /nix/store/ws50yvm6vzlzf7jzz6n7xh4szddrack1-nodejs-20.19.1/bin/node /nix/store/gv0i9ndcpzjpfi2yr06402kzy90q51ki-firebase-tools-14.10.1/lib/node_modules/firebase-tools/lib/bin/firebase.js deploy --only hosting
[debug] [2025-07-19T09:39:11.389Z] CLI Version:   14.10.1
[debug] [2025-07-19T09:39:11.390Z] Platform:      linux
[debug] [2025-07-19T09:39:11.390Z] Node Version:  v20.19.1
[debug] [2025-07-19T09:39:11.390Z] Time:          Sat Jul 19 2025 09:39:11 GMT+0000 (Coordinated Universal Time)
[debug] [2025-07-19T09:39:11.390Z] ----------------------------------------------------------------------
[debug] 
[debug] [2025-07-19T09:39:11.929Z] > command requires scopes: ["email","openid","https://www.googleapis.com/auth/cloudplatformprojects.readonly","https://www.googleapis.com/auth/firebase","https://www.googleapis.com/auth/cloud-platform"]
[debug] [2025-07-19T09:39:11.930Z] > authorizing via signed-in user (mariano@aloi.com.br)
[debug] [2025-07-19T09:39:11.930Z] [iam] checking project affitiudine for permissions ["firebase.projects.get","firebasehosting.sites.update"]
[debug] [2025-07-19T09:39:11.932Z] No OAuth tokens found
[debug] [2025-07-19T09:39:11.932Z] No OAuth tokens found
[debug] [2025-07-19T09:39:11.932Z] > command requires scopes: ["email","openid","https://www.googleapis.com/auth/cloudplatformprojects.readonly","https://www.googleapis.com/auth/firebase","https://www.googleapis.com/auth/cloud-platform"]
[debug] [2025-07-19T09:39:11.933Z] > authorizing via signed-in user (mariano@aloi.com.br)
[debug] [2025-07-19T09:39:11.934Z] >>> [apiv2][query] POST https://cloudresourcemanager.googleapis.com/v1/projects/affitiudine:testIamPermissions [none]
[debug] [2025-07-19T09:39:11.934Z] >>> [apiv2][(partial)header] POST https://cloudresourcemanager.googleapis.com/v1/projects/affitiudine:testIamPermissions x-goog-quota-user=projects/affitiudine
[debug] [2025-07-19T09:39:11.934Z] >>> [apiv2][body] POST https://cloudresourcemanager.googleapis.com/v1/projects/affitiudine:testIamPermissions {"permissions":["firebase.projects.get","firebasehosting.sites.update"]}
[debug] [2025-07-19T09:39:12.741Z] <<< [apiv2][status] POST https://cloudresourcemanager.googleapis.com/v1/projects/affitiudine:testIamPermissions 200
[debug] [2025-07-19T09:39:12.741Z] <<< [apiv2][body] POST https://cloudresourcemanager.googleapis.com/v1/projects/affitiudine:testIamPermissions {"permissions":["firebase.projects.get","firebasehosting.sites.update"]}
[debug] [2025-07-19T09:39:12.743Z] No OAuth tokens found
[debug] [2025-07-19T09:39:12.743Z] No OAuth tokens found
[debug] [2025-07-19T09:39:12.743Z] > command requires scopes: ["email","openid","https://www.googleapis.com/auth/cloudplatformprojects.readonly","https://www.googleapis.com/auth/firebase","https://www.googleapis.com/auth/cloud-platform"]
[debug] [2025-07-19T09:39:12.745Z] > authorizing via signed-in user (mariano@aloi.com.br)
[debug] [2025-07-19T09:39:12.746Z] >>> [apiv2][query] GET https://firebase.googleapis.com/v1beta1/projects/affitiudine [none]
[debug] [2025-07-19T09:39:12.999Z] <<< [apiv2][status] GET https://firebase.googleapis.com/v1beta1/projects/affitiudine 200
[debug] [2025-07-19T09:39:12.999Z] <<< [apiv2][body] GET https://firebase.googleapis.com/v1beta1/projects/affitiudine {"projectId":"affitiudine","projectNumber":"211362755894","displayName":"AffitiUdine","name":"projects/affitiudine","resources":{"hostingSite":"affitiudine"},"state":"ACTIVE","etag":"1_584f377b-5af3-4e76-aa8d-23b6b783dc04"}
[info] 
   Thank you for trying our early preview of Next.js support on Firebase Hosting.
   During the preview, support is best-effort and breaking changes can be expected. Proceed with caution.
   The integration is known to work with Next.js version 12 - 15.0. You may encounter errors.

   Documentation: https://firebase.google.com/docs/hosting/frameworks/nextjs
   File a bug: https://github.com/firebase/firebase-tools/issues/new?template=bug_report.md
   Submit a feature request: https://github.com/firebase/firebase-tools/issues/new?template=feature_request.md

   We'd love to learn from you. Express your interest in helping us shape the future of Firebase Hosting: https://goo.gle/41enW5X

[debug] [2025-07-19T09:39:20.382Z] No OAuth tokens found
[debug] [2025-07-19T09:39:20.382Z] No OAuth tokens found
[debug] [2025-07-19T09:39:20.383Z] > command requires scopes: ["email","openid","https://www.googleapis.com/auth/cloudplatformprojects.readonly","https://www.googleapis.com/auth/firebase","https://www.googleapis.com/auth/cloud-platform"]
[debug] [2025-07-19T09:39:20.383Z] > authorizing via signed-in user (mariano@aloi.com.br)
[debug] [2025-07-19T09:39:20.383Z] >>> [apiv2][query] GET https://firebasehosting.googleapis.com/v1beta1/projects/affitiudine/sites/affitiudine [none]
[debug] [2025-07-19T09:39:21.636Z] <<< [apiv2][status] GET https://firebasehosting.googleapis.com/v1beta1/projects/affitiudine/sites/affitiudine 200
[debug] [2025-07-19T09:39:21.636Z] <<< [apiv2][body] GET https://firebasehosting.googleapis.com/v1beta1/projects/affitiudine/sites/affitiudine {"name":"projects/affitiudine/sites/affitiudine","defaultUrl":"https://affitiudine.web.app","type":"DEFAULT_SITE"}
[info]    ▲ Next.js 15.3.5

[info] 

[info]    Creating an optimized production build ...

[info]  ⚠ Compiled with warnings in 24.0s

./src/redux/services/filter/index.ts
The requested module './filterSelectors' contains conflicting star exports for the name 'selectFilter' with the previous requested module './filterSlice'

Import trace for requested module:
./src/redux/services/filter/index.ts
./src/redux/services/index.ts
./src/redux/index.ts
./src/app/page.tsx

[info] 

[info]  ⚠ Compiled with warnings in 22.0s


[info] ./src/redux/services/filter/index.ts
The requested module './filterSelectors' contains conflicting star exports for the name 'selectFilter' with the previous requested module './filterSlice'

Import trace for requested module:
./src/redux/services/filter/index.ts
./src/redux/services/index.ts
./src/redux/index.ts
./src/app/page.tsx


[info]  ✓ Compiled successfully in 46s

[info]    Linting and checking validity of types ...

[info] 
Failed to compile.

./src/app/entity/AffitoEntity.ts
108:17  Error: Unexpected any. Specify a different type.  @typescript-eslint/no-explicit-any

./src/app/layout.tsx
2:15  Error: 'Metadata' is defined but never used.  @typescript-eslint/no-unused-vars

./src/app/menu/menu.tsx
1:16  Error: 'MenuItem' is defined but never used.  @typescript-eslint/no-unused-vars
1:42  Error: 'FormControlLabel' is defined but never used.  @typescript-eslint/no-unused-vars
1:60  Error: 'Checkbox' is defined but never used.  @typescript-eslint/no-unused-vars
16:59  Error: Unexpected any. Specify a different type.  @typescript-eslint/no-explicit-any

./src/app/page.tsx
8:10  Error: 'affitoActions' is assigned a value but never used.  @typescript-eslint/no-unused-vars
8:24  Error: 'setAffiti' is assigned a value but never used.  @typescript-eslint/no-unused-vars

./src/app/table/FeaturesTablePage.tsx
18:7  Error: 'API_BASE_URL' is assigned a value but never used.  @typescript-eslint/no-unused-vars
108:22  Error: Unexpected any. Specify a different type.  @typescript-eslint/no-explicit-any

./src/app/table/page.tsx
3:10  Error: 'affitoActions' is defined but never used.  @typescript-eslint/no-unused-vars

./src/components/affitoList.tsx
2:10  Error: 'affitoActions' is defined but never used.  @typescript-eslint/no-unused-vars
2:25  Error: 'affitoSelectors' is defined but never used.  @typescript-eslint/no-unused-vars

./src/redux/services/affito/affitoSlice.ts
1:23  Error: 'createAsyncThunk' is defined but never used.  @typescript-eslint/no-unused-vars
26:69  Error: Unexpected any. Specify a different type.  @typescript-eslint/no-explicit-any

info  - Need to disable some ESLint rules? Learn more here: https://nextjs.org/docs/app/api-reference/config/eslint#disabling-rules

[debug] [2025-07-19T09:40:34.722Z] Error: ENOENT: no such file or directory, open '/home/user/affito/.next/export-marker.json'
[error] 
[error] Error: An unexpected error has occurred.
